TN:
SF:rss-to-md-server.ts
FN:35,(anonymous_1)
FN:52,(anonymous_2)
FN:59,(anonymous_3)
FN:61,(anonymous_4)
FN:80,(anonymous_5)
FN:123,(anonymous_6)
FN:133,(anonymous_7)
FN:144,(anonymous_8)
FN:145,(anonymous_9)
FN:146,(anonymous_10)
FN:152,(anonymous_11)
FN:160,(anonymous_12)
FNF:12
FNH:8
FNDA:8,(anonymous_1)
FNDA:4,(anonymous_2)
FNDA:8,(anonymous_3)
FNDA:0,(anonymous_4)
FNDA:4,(anonymous_5)
FNDA:4,(anonymous_6)
FNDA:4,(anonymous_7)
FNDA:8,(anonymous_8)
FNDA:0,(anonymous_9)
FNDA:0,(anonymous_10)
FNDA:4,(anonymous_11)
FNDA:0,(anonymous_12)
DA:2,4
DA:3,4
DA:4,4
DA:10,4
DA:11,4
DA:31,4
DA:36,8
DA:48,8
DA:49,8
DA:53,4
DA:54,0
DA:56,4
DA:61,8
DA:80,8
DA:81,4
DA:82,0
DA:88,4
DA:89,4
DA:90,0
DA:96,4
DA:98,4
DA:99,2
DA:102,2
DA:104,2
DA:111,2
DA:112,2
DA:119,8
DA:120,8
DA:124,4
DA:125,4
DA:127,4
DA:128,3
DA:131,4
DA:132,4
DA:133,4
DA:134,4
DA:135,4
DA:136,2
DA:141,4
DA:145,8
DA:146,8
DA:147,0
DA:148,0
DA:153,4
DA:154,4
DA:155,4
DA:159,4
DA:160,4
LF:48
LH:43
BRDA:53,0,0,0
BRDA:81,1,0,0
BRDA:89,2,0,0
BRDA:89,3,0,4
BRDA:89,3,1,4
BRDA:111,4,0,1
BRDA:111,4,1,1
BRDA:127,5,0,3
BRDA:131,6,0,4
BRDA:135,7,0,2
BRF:10
BRH:7
end_of_record
